Using pre-set license
Built from '6000.0/staging' branch; Version is '6000.0.38f1 (82314a941f2d) revision 8532298'; Using compiler version '193933523'; Build Type 'Release'
OS: 'Windows 11  (10.0.26100) 64bit Professional' Language: 'en' Physical Memory: 65460 MB
BatchMode: 1, IsHumanControllingUs: 0, StartBugReporterOnCrash: 0, Is64bit: 1, IsPro: 1

COMMAND LINE ARGUMENTS:
F:\Unity\6000.0.38f1\Editor\Unity.exe
-adb2
-batchMode
-noUpm
-name
AssetImportWorker1
-projectPath
F:/Unity Projects Active/MP_Minigame
-logFile
Logs/AssetImportWorker1.log
-srvPort
49153
-job-worker-count
7
-background-job-worker-count
8
-gc-helper-count
1
Successfully changed project path to: F:/Unity Projects Active/MP_Minigame
F:/Unity Projects Active/MP_Minigame
[UnityMemory] Configuration Parameters - Can be set up in boot.config
    "memorysetup-bucket-allocator-granularity=16"
    "memorysetup-bucket-allocator-bucket-count=8"
    "memorysetup-bucket-allocator-block-size=33554432"
    "memorysetup-bucket-allocator-block-count=8"
    "memorysetup-main-allocator-block-size=16777216"
    "memorysetup-thread-allocator-block-size=16777216"
    "memorysetup-gfx-main-allocator-block-size=16777216"
    "memorysetup-gfx-thread-allocator-block-size=16777216"
    "memorysetup-cache-allocator-block-size=4194304"
    "memorysetup-typetree-allocator-block-size=2097152"
    "memorysetup-profiler-bucket-allocator-granularity=16"
    "memorysetup-profiler-bucket-allocator-bucket-count=8"
    "memorysetup-profiler-bucket-allocator-block-size=33554432"
    "memorysetup-profiler-bucket-allocator-block-count=8"
    "memorysetup-profiler-allocator-block-size=16777216"
    "memorysetup-profiler-editor-allocator-block-size=1048576"
    "memorysetup-temp-allocator-size-main=16777216"
    "memorysetup-job-temp-allocator-block-size=2097152"
    "memorysetup-job-temp-allocator-block-size-background=1048576"
    "memorysetup-job-temp-allocator-reduction-small-platforms=262144"
    "memorysetup-allocator-temp-initial-block-size-main=262144"
    "memorysetup-allocator-temp-initial-block-size-worker=262144"
    "memorysetup-temp-allocator-size-background-worker=32768"
    "memorysetup-temp-allocator-size-job-worker=262144"
    "memorysetup-temp-allocator-size-preload-manager=33554432"
    "memorysetup-temp-allocator-size-nav-mesh-worker=65536"
    "memorysetup-temp-allocator-size-audio-worker=65536"
    "memorysetup-temp-allocator-size-cloud-worker=32768"
    "memorysetup-temp-allocator-size-gi-baking-worker=262144"
    "memorysetup-temp-allocator-size-gi-baking-worker=262144"
    "memorysetup-temp-allocator-size-gi-baking-worker=262144"
    "memorysetup-temp-allocator-size-gi-baking-worker=262144"
    "memorysetup-temp-allocator-size-gi-baking-worker=262144"
    "memorysetup-temp-allocator-size-gfx=262144"
Player connection [438392]  Target information:

Player connection [438392]  * "[IP] 192.168.1.22 [Port] 0 [Flags] 2 [Guid] 1508763085 [EditorId] 1508763085 [Version] 1048832 [Id] WindowsEditor(7,Jesus) [Debug] 1 [PackageName] WindowsEditor [ProjectName] Editor" 

Player connection [438392] Host joined multi-casting on [225.0.0.222:54997]...
Player connection [438392] Host joined alternative multi-casting on [225.0.0.222:34997]...
JobSystem: Creating JobQueue using job-worker-count value 7
Input System module state changed to: Initialized.
[Physics::Module] Initialized fallback backend.
[Physics::Module] Id: 0xdecafbad
Library Redirect Path: Library/
[Physics::Module] Selected backend.
[Physics::Module] Name: PhysX
[Physics::Module] Id: 0xf2b8ea05
[Physics::Module] SDK Version: 4.1.2
[Physics::Module] Integration Version: 1.0.0
[Physics::Module] Threading Mode: Multi-Threaded
Refreshing native plugins compatible for Editor in 3.89 ms, found 7 plugins.
Preloading 1 native plugins for Editor in 1.67 ms.
Initialize engine version: 6000.0.38f1 (82314a941f2d)
[Subsystems] Discovering subsystems at path F:/Unity/6000.0.38f1/Editor/Data/Resources/UnitySubsystems
[Subsystems] Discovering subsystems at path F:/Unity Projects Active/MP_Minigame/Assets
GfxDevice: creating device client; kGfxThreadingModeNonThreaded
Direct3D:
    Version:  Direct3D 11.0 [level 11.1]
    Renderer: NVIDIA GeForce RTX 4080 (ID=0x2704)
    Vendor:   NVIDIA
    VRAM:     16050 MB
    Driver:   32.0.15.7283
Shader 'MoreMountains/MMRipple': fallback shader 'Particle/AlphaBlended' not found
Initialize mono
Mono path[0] = 'F:/Unity/6000.0.38f1/Editor/Data/Managed'
Mono path[1] = 'F:/Unity/6000.0.38f1/Editor/Data/MonoBleedingEdge/lib/mono/unityjit-win32'
Mono config path = 'F:/Unity/6000.0.38f1/Editor/Data/MonoBleedingEdge/etc'
Using monoOptions --debugger-agent=transport=dt_socket,embedding=1,server=y,suspend=n,address=127.0.0.1:56328
Begin MonoManager ReloadAssembly
Registering precompiled unity dll's ...
Register platform support module: F:/Unity/6000.0.38f1/Editor/Data/PlaybackEngines/WebGLSupport/UnityEditor.WebGL.Extensions.dll
Register platform support module: F:/Unity/6000.0.38f1/Editor/Data/PlaybackEngines/WindowsStandaloneSupport/UnityEditor.WindowsStandalone.Extensions.dll
Registered in 0.002238 seconds.
- Loaded All Assemblies, in  0.298 seconds
Native extension for WindowsStandalone target not found
Native extension for WebGL target not found
Mono: successfully reloaded assembly
- Finished resetting the current domain, in  0.275 seconds
Domain Reload Profiling: 573ms
	BeginReloadAssembly (103ms)
		ExecutionOrderSort (0ms)
		DisableScriptedObjects (0ms)
		BackupInstance (0ms)
		ReleaseScriptingObjects (0ms)
		CreateAndSetChildDomain (1ms)
	RebuildCommonClasses (30ms)
	RebuildNativeTypeToScriptingClass (9ms)
	initialDomainReloadingComplete (37ms)
	LoadAllAssembliesAndSetupDomain (119ms)
		LoadAssemblies (102ms)
		RebuildTransferFunctionScriptingTraits (0ms)
		AnalyzeDomain (116ms)
			TypeCache.Refresh (115ms)
				TypeCache.ScanAssembly (105ms)
			BuildScriptInfoCaches (0ms)
			ResolveRequiredComponents (0ms)
	FinalizeReload (275ms)
		ReleaseScriptCaches (0ms)
		RebuildScriptCaches (0ms)
		SetupLoadedEditorAssemblies (230ms)
			LogAssemblyErrors (0ms)
			InitializePlatformSupportModulesInManaged (22ms)
			SetLoadedEditorAssemblies (3ms)
			BeforeProcessingInitializeOnLoad (42ms)
			ProcessInitializeOnLoadAttributes (119ms)
			ProcessInitializeOnLoadMethodAttributes (42ms)
			AfterProcessingInitializeOnLoad (0ms)
			EditorAssembliesLoaded (0ms)
		ExecutionOrderSort2 (0ms)
		AwakeInstancesAfterBackupRestoration (0ms)
Assembly reference Packages/com.unity.cinemachine/Editor/Samples/ExposeHDRPInternals/HDRP-Editor-ref.asmref has no target assembly definition
========================================================================
Worker process is ready to serve import requests
Import Worker Mode flag is 0x00
Assembly reference Packages/com.unity.cinemachine/Editor/Samples/ExposeHDRPInternals/HDRP-Editor-ref.asmref has no target assembly definition
Assembly reference Packages/com.unity.cinemachine/Editor/Samples/ExposeHDRPInternals/HDRP-Editor-ref.asmref has no target assembly definition
Begin MonoManager ReloadAssembly
Symbol file LoadedFromMemory is not a mono symbol file
- Loaded All Assemblies, in  0.766 seconds
Assembly reference Packages/com.unity.cinemachine/Editor/Samples/ExposeHDRPInternals/HDRP-Editor-ref.asmref has no target assembly definition
'Packages/com.unity.cinemachine/Editor/Obsolete/CinemachineVirtualCameraBaseEditor.cs' contains partial class of Unity.Object, exactly 1 of the partial classes needs to be in a file with the same filename. This is to know the one that can be referenced from ie. GameObjects
'Packages/com.unity.cinemachine/Editor/Editors/CinemachineVirtualCameraBaseEditor.cs' contains partial class of Unity.Object, exactly 1 of the partial classes needs to be in a file with the same filename. This is to know the one that can be referenced from ie. GameObjects
Refreshing native plugins compatible for Editor in 2.71 ms, found 7 plugins.
Native extension for WindowsStandalone target not found
Native extension for WebGL target not found
Assembly reference Packages/com.unity.cinemachine/Editor/Samples/ExposeHDRPInternals/HDRP-Editor-ref.asmref has no target assembly definition
[MODES] ModeService[none].Initialize
[MODES] ModeService[none].LoadModes
[MODES] Loading mode Default (0) for mode-current-id-MP_Game
Package Manager log level set to [2]
[Package Manager] Failed to launch server process. Reason: Unity was launched with the -noUpm command-line argument
[Package Manager] Unable to send message (not connected to server process).
[Package Manager] Cannot connect to Unity Package Manager local server
Mono: successfully reloaded assembly
- Finished resetting the current domain, in  1.161 seconds
Domain Reload Profiling: 1925ms
	BeginReloadAssembly (139ms)
		ExecutionOrderSort (0ms)
		DisableScriptedObjects (5ms)
		BackupInstance (0ms)
		ReleaseScriptingObjects (0ms)
		CreateAndSetChildDomain (25ms)
	RebuildCommonClasses (30ms)
	RebuildNativeTypeToScriptingClass (9ms)
	initialDomainReloadingComplete (31ms)
	LoadAllAssembliesAndSetupDomain (556ms)
		LoadAssemblies (321ms)
		RebuildTransferFunctionScriptingTraits (0ms)
		AnalyzeDomain (319ms)
			TypeCache.Refresh (215ms)
				TypeCache.ScanAssembly (198ms)
			BuildScriptInfoCaches (84ms)
			ResolveRequiredComponents (16ms)
	FinalizeReload (1161ms)
		ReleaseScriptCaches (0ms)
		RebuildScriptCaches (0ms)
		SetupLoadedEditorAssemblies (1029ms)
			LogAssemblyErrors (0ms)
			InitializePlatformSupportModulesInManaged (2ms)
			SetLoadedEditorAssemblies (4ms)
			BeforeProcessingInitializeOnLoad (139ms)
			ProcessInitializeOnLoadAttributes (606ms)
			ProcessInitializeOnLoadMethodAttributes (276ms)
			AfterProcessingInitializeOnLoad (2ms)
			EditorAssembliesLoaded (0ms)
		ExecutionOrderSort2 (0ms)
		AwakeInstancesAfterBackupRestoration (5ms)
Shader 'MoreMountains/MMRipple': fallback shader 'Particle/AlphaBlended' not found
Launched and connected shader compiler UnityShaderCompiler.exe after 0.02 seconds
Refreshing native plugins compatible for Editor in 4.70 ms, found 7 plugins.
Preloading 1 native plugins for Editor in 0.07 ms.
Unloading 261 Unused Serialized files (Serialized files now loaded: 0)
Unloading 9736 unused Assets / (5.8 MB). Loaded Objects now: 10500.
Memory consumption went from 221.6 MB to 215.8 MB.
Total: 21.206200 ms (FindLiveObjects: 1.513100 ms CreateObjectMapping: 1.939100 ms MarkObjects: 13.237800 ms  DeleteObjects: 4.515000 ms)

========================================================================
Received Prepare
'Packages/com.unity.cinemachine/Editor/Obsolete/CinemachineVirtualCameraBaseEditor.cs' contains partial class of Unity.Object, exactly 1 of the partial classes needs to be in a file with the same filename. This is to know the one that can be referenced from ie. GameObjects
'Packages/com.unity.cinemachine/Editor/Editors/CinemachineVirtualCameraBaseEditor.cs' contains partial class of Unity.Object, exactly 1 of the partial classes needs to be in a file with the same filename. This is to know the one that can be referenced from ie. GameObjects
Shader 'MoreMountains/MMRipple': fallback shader 'Particle/AlphaBlended' not found
Refreshing native plugins compatible for Editor in 3.94 ms, found 7 plugins.
Preloading 1 native plugins for Editor in 0.06 ms.
Unloading 15 Unused Serialized files (Serialized files now loaded: 0)
Unloading 9695 unused Assets / (5.0 MB). Loaded Objects now: 10488.
Memory consumption went from 175.7 MB to 170.7 MB.
Total: 17.842300 ms (FindLiveObjects: 1.557000 ms CreateObjectMapping: 0.726800 ms MarkObjects: 12.171400 ms  DeleteObjects: 3.386200 ms)

Prepare: number of updated asset objects reloaded= 0
========================================================================
Received Prepare
Assembly reference Packages/com.unity.cinemachine/Editor/Samples/ExposeHDRPInternals/HDRP-Editor-ref.asmref has no target assembly definition
Assembly reference Packages/com.unity.cinemachine/Editor/Samples/ExposeHDRPInternals/HDRP-Editor-ref.asmref has no target assembly definition
Begin MonoManager ReloadAssembly
Symbol file LoadedFromMemory is not a mono symbol file
- Loaded All Assemblies, in  0.900 seconds
Assembly reference Packages/com.unity.cinemachine/Editor/Samples/ExposeHDRPInternals/HDRP-Editor-ref.asmref has no target assembly definition
'Packages/com.unity.cinemachine/Editor/Obsolete/CinemachineVirtualCameraBaseEditor.cs' contains partial class of Unity.Object, exactly 1 of the partial classes needs to be in a file with the same filename. This is to know the one that can be referenced from ie. GameObjects
'Packages/com.unity.cinemachine/Editor/Editors/CinemachineVirtualCameraBaseEditor.cs' contains partial class of Unity.Object, exactly 1 of the partial classes needs to be in a file with the same filename. This is to know the one that can be referenced from ie. GameObjects
Refreshing native plugins compatible for Editor in 4.24 ms, found 7 plugins.
Assertion failed on expression: 'pred(*previous, *i)'
Assertion failed on expression: 'pred(*previous, *i)'
Assertion failed on expression: 'pred(*previous, *i)'
Assertion failed on expression: 'pred(*previous, *i)'
Assertion failed on expression: 'pred(*previous, *i)'
Assertion failed on expression: 'pred(*previous, *i)'
Assertion failed on expression: 'pred(*previous, *i)'
Assertion failed on expression: 'pred(*previous, *i)'
Assertion failed on expression: 'pred(*previous, *i)'
Assertion failed on expression: 'pred(*previous, *i)'
Assertion failed on expression: 'pred(*previous, *i)'
Assertion failed on expression: 'pred(*previous, *i)'
Assertion failed on expression: 'pred(*previous, *i)'
Assertion failed on expression: 'pred(*previous, *i)'
Assertion failed on expression: 'pred(*previous, *i)'
Assertion failed on expression: 'pred(*previous, *i)'
Assertion failed on expression: 'pred(*previous, *i)'
Assertion failed on expression: 'pred(*previous, *i)'
Assertion failed on expression: 'pred(*previous, *i)'
Assertion failed on expression: 'pred(*previous, *i)'
Assertion failed on expression: 'pred(*previous, *i)'
Native extension for WindowsStandalone target not found
Native extension for WebGL target not found
Assembly reference Packages/com.unity.cinemachine/Editor/Samples/ExposeHDRPInternals/HDRP-Editor-ref.asmref has no target assembly definition
[MODES] ModeService[none].Initialize
[MODES] ModeService[none].LoadModes
[Package Manager] Failed to launch server process. Reason: Unity was launched with the -noUpm command-line argument
[Package Manager] Unable to send message (not connected to server process).
[Package Manager] Cannot connect to Unity Package Manager local server
Mono: successfully reloaded assembly
- Finished resetting the current domain, in  1.332 seconds
Domain Reload Profiling: 2234ms
	BeginReloadAssembly (207ms)
		ExecutionOrderSort (0ms)
		DisableScriptedObjects (12ms)
		BackupInstance (0ms)
		ReleaseScriptingObjects (0ms)
		CreateAndSetChildDomain (69ms)
	RebuildCommonClasses (39ms)
	RebuildNativeTypeToScriptingClass (10ms)
	initialDomainReloadingComplete (26ms)
	LoadAllAssembliesAndSetupDomain (619ms)
		LoadAssemblies (344ms)
		RebuildTransferFunctionScriptingTraits (0ms)
		AnalyzeDomain (358ms)
			TypeCache.Refresh (173ms)
				TypeCache.ScanAssembly (159ms)
			BuildScriptInfoCaches (156ms)
			ResolveRequiredComponents (25ms)
	FinalizeReload (1332ms)
		ReleaseScriptCaches (0ms)
		RebuildScriptCaches (0ms)
		SetupLoadedEditorAssemblies (1117ms)
			LogAssemblyErrors (0ms)
			InitializePlatformSupportModulesInManaged (2ms)
			SetLoadedEditorAssemblies (3ms)
			BeforeProcessingInitializeOnLoad (180ms)
			ProcessInitializeOnLoadAttributes (670ms)
			ProcessInitializeOnLoadMethodAttributes (259ms)
			AfterProcessingInitializeOnLoad (2ms)
			EditorAssembliesLoaded (0ms)
		ExecutionOrderSort2 (0ms)
		AwakeInstancesAfterBackupRestoration (11ms)
Shader 'MoreMountains/MMRipple': fallback shader 'Particle/AlphaBlended' not found
Refreshing native plugins compatible for Editor in 4.62 ms, found 7 plugins.
Preloading 1 native plugins for Editor in 0.10 ms.
Unloading 15 Unused Serialized files (Serialized files now loaded: 0)
Unloading 9722 unused Assets / (5.2 MB). Loaded Objects now: 10492.
Memory consumption went from 179.9 MB to 174.7 MB.
Total: 19.177800 ms (FindLiveObjects: 1.478600 ms CreateObjectMapping: 1.474700 ms MarkObjects: 12.149800 ms  DeleteObjects: 4.073800 ms)

Prepare: number of updated asset objects reloaded= 0
========================================================================
Received Import Request.
  Time since last request: 2186872.522867 seconds.
  path: Assets/Feel/MMTools/Foundation/MMAchievements/Resources/AchievementDisplay.prefab
  artifactKey: Guid(445360f52aabb4446be71f24e6576a72) Importer(815301076,1909f56bfc062723c751e8b465ee728b)
Start importing Assets/Feel/MMTools/Foundation/MMAchievements/Resources/AchievementDisplay.prefab using Guid(445360f52aabb4446be71f24e6576a72) Importer(815301076,1909f56bfc062723c751e8b465ee728b) (PreviewImporter) -> (artifact id: '8f805e558271fb1b8aa83fa1f99c9a72') in 0.0628837 seconds
Number of updated asset objects reloaded before import = 0Number of asset objects unloaded after import = 40

========================================================================
Received Import Request.
  Time since last request: 0.000015 seconds.
  path: Assets/Feel/FeelDemos/Letters/Sprites/FeelLettersDemoSpark.png
  artifactKey: Guid(544caa0353497f24faed28c569d18fe4) Importer(815301076,1909f56bfc062723c751e8b465ee728b)
Start importing Assets/Feel/FeelDemos/Letters/Sprites/FeelLettersDemoSpark.png using Guid(544caa0353497f24faed28c569d18fe4) Importer(815301076,1909f56bfc062723c751e8b465ee728b) (PreviewImporter) -> (artifact id: '19a0d5f9ea9a0c6472ce36c520bc14fe') in 0.0550204 seconds
Number of updated asset objects reloaded before import = 0Number of asset objects unloaded after import = 3

========================================================================
Received Import Request.
  Time since last request: 0.000012 seconds.
  path: Assets/Feel/MMFeedbacks/Demos/MMFeedbacksDemo/Prefabs/FeedbackDemoSphere.prefab
  artifactKey: Guid(1ae56196f5de043419e106824d0fa51d) Importer(815301076,1909f56bfc062723c751e8b465ee728b)
Start importing Assets/Feel/MMFeedbacks/Demos/MMFeedbacksDemo/Prefabs/FeedbackDemoSphere.prefab using Guid(1ae56196f5de043419e106824d0fa51d) Importer(815301076,1909f56bfc062723c751e8b465ee728b) (PreviewImporter) -> (artifact id: '39588f3f58df213f62defaadbff53cc7') in 0.3901698 seconds
Number of updated asset objects reloaded before import = 0Number of asset objects unloaded after import = 24

========================================================================
Received Import Request.
  Time since last request: 0.000028 seconds.
  path: Assets/Feel/FeelDemos/Barbarians/PostProcessing/FeelBarbariansPostProcessingProfile.asset
  artifactKey: Guid(c1e28eb9c45d94a458a174522de1bc15) Importer(815301076,1909f56bfc062723c751e8b465ee728b)
Start importing Assets/Feel/FeelDemos/Barbarians/PostProcessing/FeelBarbariansPostProcessingProfile.asset using Guid(c1e28eb9c45d94a458a174522de1bc15) Importer(815301076,1909f56bfc062723c751e8b465ee728b) (PreviewImporter) -> (artifact id: '07ab83a58b58e120c50d3f46ef0a88e8') in 0.0010795 seconds
Number of updated asset objects reloaded before import = 0Number of asset objects unloaded after import = 1

========================================================================
Received Import Request.
  Time since last request: 0.000024 seconds.
  path: Assets/Prototype/Meshes/Textures/Cheese_AlbedoTransparency.png
  artifactKey: Guid(a25dd164e583fe249a15953d6a28433b) Importer(815301076,1909f56bfc062723c751e8b465ee728b)
Start importing Assets/Prototype/Meshes/Textures/Cheese_AlbedoTransparency.png using Guid(a25dd164e583fe249a15953d6a28433b) Importer(815301076,1909f56bfc062723c751e8b465ee728b) (PreviewImporter) -> (artifact id: 'ca57648190e12d1f034f1244c3e35eb0') in 0.0081898 seconds
Number of updated asset objects reloaded before import = 0Number of asset objects unloaded after import = 2

========================================================================
Received Import Request.
  Time since last request: 0.000024 seconds.
  path: Assets/ProceduralSpider/Spider/Model/Spider_AlbedoTransparency.tif
  artifactKey: Guid(af83463375ef6234890bfd4102f1484a) Importer(815301076,1909f56bfc062723c751e8b465ee728b)
Start importing Assets/ProceduralSpider/Spider/Model/Spider_AlbedoTransparency.tif using Guid(af83463375ef6234890bfd4102f1484a) Importer(815301076,1909f56bfc062723c751e8b465ee728b) (PreviewImporter) -> (artifact id: '0836cf5fbaf582d6ae54ba44f2a7cd5e') in 0.0063823 seconds
Number of updated asset objects reloaded before import = 0Number of asset objects unloaded after import = 2

========================================================================
Received Import Request.
  Time since last request: 0.000016 seconds.
  path: Assets/Feel/FeelDemos/Springs/Materials/FeelSpringsBarbariansHelmetRim.mat
  artifactKey: Guid(66d9c39e4eb9a8e479cd5bbee983ace2) Importer(815301076,1909f56bfc062723c751e8b465ee728b)
Start importing Assets/Feel/FeelDemos/Springs/Materials/FeelSpringsBarbariansHelmetRim.mat using Guid(66d9c39e4eb9a8e479cd5bbee983ace2) Importer(815301076,1909f56bfc062723c751e8b465ee728b) (PreviewImporter) -> (artifact id: '1dcd7cad0fedf0de6fd9703f4a9e8c94') in 0.0251747 seconds
Number of updated asset objects reloaded before import = 0Number of asset objects unloaded after import = 1

========================================================================
Received Import Request.
  Time since last request: 0.000019 seconds.
  path: Assets/ProceduralSpider/Spider/Prefabs/Spider_Base.prefab
  artifactKey: Guid(3ecef98c30b1448fdb2e29a3430f5d17) Importer(815301076,1909f56bfc062723c751e8b465ee728b)
Start importing Assets/ProceduralSpider/Spider/Prefabs/Spider_Base.prefab using Guid(3ecef98c30b1448fdb2e29a3430f5d17) Importer(815301076,1909f56bfc062723c751e8b465ee728b) (PreviewImporter) -> (artifact id: 'fb0303f5f8532a548c6d3a569ceb34ca') in 0.042336 seconds
Number of updated asset objects reloaded before import = 0Number of asset objects unloaded after import = 209

========================================================================
Received Import Request.
  Time since last request: 0.000020 seconds.
  path: Assets/ProceduralSpider/Spider/Model/Spider_Model.FBX
  artifactKey: Guid(b15d2ab92406132498381222b959dec4) Importer(815301076,1909f56bfc062723c751e8b465ee728b)
Start importing Assets/ProceduralSpider/Spider/Model/Spider_Model.FBX using Guid(b15d2ab92406132498381222b959dec4) Importer(815301076,1909f56bfc062723c751e8b465ee728b) (PreviewImporter) -> (artifact id: '33afbfe2e263f4c0dc3b217eae6288d3') in 0.0471003 seconds
Number of updated asset objects reloaded before import = 0Number of asset objects unloaded after import = 159

========================================================================
Received Import Request.
  Time since last request: 0.000027 seconds.
  path: Assets/Feel/FeelDemos/Letters/Materials/FeelLettersDemoSparkMaterial.mat
  artifactKey: Guid(d7061329c567890488d84aeeb01d9b15) Importer(815301076,1909f56bfc062723c751e8b465ee728b)
Start importing Assets/Feel/FeelDemos/Letters/Materials/FeelLettersDemoSparkMaterial.mat using Guid(d7061329c567890488d84aeeb01d9b15) Importer(815301076,1909f56bfc062723c751e8b465ee728b) (PreviewImporter) -> (artifact id: '4e2c0b21d0cd7c532b39de54de0c4f19') in 0.0658565 seconds
Number of updated asset objects reloaded before import = 0Number of asset objects unloaded after import = 2

========================================================================
Received Import Request.
  Time since last request: 0.000030 seconds.
  path: Assets/Feel/FeelDemos/Brass/PostProcessing/FeelBrassPostProcessingProfile.asset
  artifactKey: Guid(d8d6959e6e45e82419f87efc6a1001d1) Importer(815301076,1909f56bfc062723c751e8b465ee728b)
Start importing Assets/Feel/FeelDemos/Brass/PostProcessing/FeelBrassPostProcessingProfile.asset using Guid(d8d6959e6e45e82419f87efc6a1001d1) Importer(815301076,1909f56bfc062723c751e8b465ee728b) (PreviewImporter) -> (artifact id: '9209f02f705fb1f91efa32d799303f48') in 0.0011604 seconds
Number of updated asset objects reloaded before import = 0Number of asset objects unloaded after import = 1

========================================================================
Received Import Request.
  Time since last request: 0.000021 seconds.
  path: Assets/ProceduralSpider/Spider/Model/Materials/model_Spider_Eyes_Material.mat
  artifactKey: Guid(72771575f6c9b4523a47b76773c84023) Importer(815301076,1909f56bfc062723c751e8b465ee728b)
Start importing Assets/ProceduralSpider/Spider/Model/Materials/model_Spider_Eyes_Material.mat using Guid(72771575f6c9b4523a47b76773c84023) Importer(815301076,1909f56bfc062723c751e8b465ee728b) (PreviewImporter) -> (artifact id: 'ea16d4f017dc90f9edda442114c781b6') in 0.0090912 seconds
Number of updated asset objects reloaded before import = 0Number of asset objects unloaded after import = 1

========================================================================
Received Import Request.
  Time since last request: 0.000039 seconds.
  path: Assets/Feel/FeelDemos/Springs/Materials/FeelSpringsBarbariansHelmet1.mat
  artifactKey: Guid(bd1c2dd792532d244b1f1fbfd5ebce2f) Importer(815301076,1909f56bfc062723c751e8b465ee728b)
Start importing Assets/Feel/FeelDemos/Springs/Materials/FeelSpringsBarbariansHelmet1.mat using Guid(bd1c2dd792532d244b1f1fbfd5ebce2f) Importer(815301076,1909f56bfc062723c751e8b465ee728b) (PreviewImporter) -> (artifact id: '34c7f200d125c4355f60422ac2f00127') in 0.0057248 seconds
Number of updated asset objects reloaded before import = 0Number of asset objects unloaded after import = 1

========================================================================
Received Import Request.
  Time since last request: 0.000014 seconds.
  path: Assets/ProceduralSpider/Spider/Model/Materials/Spider_AlbedoTransparency.mat
  artifactKey: Guid(2f56e01143eb943df91beebe9aa83e49) Importer(815301076,1909f56bfc062723c751e8b465ee728b)
Start importing Assets/ProceduralSpider/Spider/Model/Materials/Spider_AlbedoTransparency.mat using Guid(2f56e01143eb943df91beebe9aa83e49) Importer(815301076,1909f56bfc062723c751e8b465ee728b) (PreviewImporter) -> (artifact id: 'c4a4dc068054be81aa246d8bb9e51cf5') in 0.0064736 seconds
Number of updated asset objects reloaded before import = 0Number of asset objects unloaded after import = 2

========================================================================
Received Import Request.
  Time since last request: 0.000015 seconds.
  path: Assets/Feel/FeelDemos/Springs/Materials/FeelSpringsBarbariansHelmetHorns.mat
  artifactKey: Guid(8bbe93a47170aba408f7eb0fb89dca46) Importer(815301076,1909f56bfc062723c751e8b465ee728b)
Start importing Assets/Feel/FeelDemos/Springs/Materials/FeelSpringsBarbariansHelmetHorns.mat using Guid(8bbe93a47170aba408f7eb0fb89dca46) Importer(815301076,1909f56bfc062723c751e8b465ee728b) (PreviewImporter) -> (artifact id: '0458e23d7b84ef5edf7036c151d9acb1') in 0.0058807 seconds
Number of updated asset objects reloaded before import = 0Number of asset objects unloaded after import = 1

========================================================================
Received Import Request.
  Time since last request: 0.000017 seconds.
  path: Assets/Feel/FeelDemos/Snake/Materials/FeelSnakeEmissiveSprite.mat
  artifactKey: Guid(258ed6cefda52ae4baa4246f22ab1033) Importer(815301076,1909f56bfc062723c751e8b465ee728b)
Start importing Assets/Feel/FeelDemos/Snake/Materials/FeelSnakeEmissiveSprite.mat using Guid(258ed6cefda52ae4baa4246f22ab1033) Importer(815301076,1909f56bfc062723c751e8b465ee728b) (PreviewImporter) -> (artifact id: '63df3bd05b49bcd3afd8f50b71aa44b6') in 0.0250133 seconds
Number of updated asset objects reloaded before import = 0Number of asset objects unloaded after import = 1

========================================================================
Received Import Request.
  Time since last request: 0.000020 seconds.
  path: Assets/Feel/MMFeedbacks/Demos/MMFeedbacksDemo/Prefabs/FeedbackDemoSparks.prefab
  artifactKey: Guid(b5aa6eb09d3dc3847a751290d0edcfe9) Importer(815301076,1909f56bfc062723c751e8b465ee728b)
Start importing Assets/Feel/MMFeedbacks/Demos/MMFeedbacksDemo/Prefabs/FeedbackDemoSparks.prefab using Guid(b5aa6eb09d3dc3847a751290d0edcfe9) Importer(815301076,1909f56bfc062723c751e8b465ee728b) (PreviewImporter) -> (artifact id: '6cdbccf1699493f7a948e8e463b56d81') in 0.0416584 seconds
Number of updated asset objects reloaded before import = 0Number of asset objects unloaded after import = 7

========================================================================
Received Import Request.
  Time since last request: 0.000026 seconds.
  path: Assets/ProceduralSpider/Spider/Prefabs/Spider Controller (Player+NPC).prefab
  artifactKey: Guid(623e74c5c5c0c49e08d972f10204b55c) Importer(815301076,1909f56bfc062723c751e8b465ee728b)
Start importing Assets/ProceduralSpider/Spider/Prefabs/Spider Controller (Player+NPC).prefab using Guid(623e74c5c5c0c49e08d972f10204b55c) Importer(815301076,1909f56bfc062723c751e8b465ee728b) (PreviewImporter) -> (artifact id: '3952ac1638bd17f1dfccead8c907a545') in 0.0187827 seconds
Number of updated asset objects reloaded before import = 0Number of asset objects unloaded after import = 431

========================================================================
Received Import Request.
  Time since last request: 0.000031 seconds.
  path: Assets/ProceduralSpider/Spider/Prefabs/Spider Controller (Player).prefab
  artifactKey: Guid(9db1055b1ad18486d909f188fa1e6390) Importer(815301076,1909f56bfc062723c751e8b465ee728b)
Start importing Assets/ProceduralSpider/Spider/Prefabs/Spider Controller (Player).prefab using Guid(9db1055b1ad18486d909f188fa1e6390) Importer(815301076,1909f56bfc062723c751e8b465ee728b) (PreviewImporter) -> (artifact id: '3ec919244169550fe316634d239f2e40') in 0.0128691 seconds
Number of updated asset objects reloaded before import = 0Number of asset objects unloaded after import = 425

========================================================================
Received Import Request.
  Time since last request: 0.000023 seconds.
  path: Assets/Feel/FeelDemosHDRP/Falcon/Textures/FeelFalconRockDisplace.png
  artifactKey: Guid(9dfb64c6f69ab5c468ae134655526c23) Importer(815301076,1909f56bfc062723c751e8b465ee728b)
Start importing Assets/Feel/FeelDemosHDRP/Falcon/Textures/FeelFalconRockDisplace.png using Guid(9dfb64c6f69ab5c468ae134655526c23) Importer(815301076,1909f56bfc062723c751e8b465ee728b) (PreviewImporter) -> (artifact id: 'd23ac9b41252886eec04b1756078b023') in 0.0055687 seconds
Number of updated asset objects reloaded before import = 0Number of asset objects unloaded after import = 2

Editor requested this worker to shutdown with reason: Scaling down because of idle timeout
AssetImportWorker is now disconnected from the server
Process exiting
Exiting without the bug reporter. Application will terminate with return code 0